0 info it worked if it ends with ok
1 verbose cli [ '/Users/gtrufitt/.nvm/versions/node/v6.1.0/bin/node',
1 verbose cli   '/usr/local/bin/npm',
1 verbose cli   'run',
1 verbose cli   'release' ]
2 info using npm@3.9.6
3 info using node@v6.1.0
4 verbose run-script [ 'prerelease', 'release', 'postrelease' ]
5 info lifecycle check-mate@0.0.0~prerelease: check-mate@0.0.0
6 silly lifecycle check-mate@0.0.0~prerelease: no script for prerelease, continuing
7 info lifecycle check-mate@0.0.0~release: check-mate@0.0.0
8 verbose lifecycle check-mate@0.0.0~release: unsafe-perm in lifecycle true
9 verbose lifecycle check-mate@0.0.0~release: PATH: /usr/local/lib/node_modules/npm/bin/node-gyp-bin:/Users/gtrufitt/www/check-mate/node_modules/.bin:/Users/gtrufitt/.nvm/versions/node/v6.1.0/bin:/Users/gtrufitt/.nvm/versions/node/v6.1.0/bin:/Users/gtrufitt/.yarn/bin:/Users/gtrufitt/bin:/usr/local/bin:/usr/bin:/bin:/usr/sbin:/sbin:/usr/local/git/bin:/usr/local/MacGPG2/:/usr/local/bin/pip
10 verbose lifecycle check-mate@0.0.0~release: CWD: /Users/gtrufitt/www/check-mate
11 silly lifecycle check-mate@0.0.0~release: Args: [ '-c', 'npm run build && npm version patch && npm publish' ]
12 silly lifecycle check-mate@0.0.0~release: Returned: code: 1  signal: null
13 info lifecycle check-mate@0.0.0~release: Failed to exec release script
14 verbose stack Error: check-mate@0.0.0 release: `npm run build && npm version patch && npm publish`
14 verbose stack Exit status 1
14 verbose stack     at EventEmitter.<anonymous> (/usr/local/lib/node_modules/npm/lib/utils/lifecycle.js:245:16)
14 verbose stack     at emitTwo (events.js:106:13)
14 verbose stack     at EventEmitter.emit (events.js:191:7)
14 verbose stack     at ChildProcess.<anonymous> (/usr/local/lib/node_modules/npm/lib/utils/spawn.js:24:14)
14 verbose stack     at emitTwo (events.js:106:13)
14 verbose stack     at ChildProcess.emit (events.js:191:7)
14 verbose stack     at maybeClose (internal/child_process.js:850:16)
14 verbose stack     at Process.ChildProcess._handle.onexit (internal/child_process.js:215:5)
15 verbose pkgid check-mate@0.0.0
16 verbose cwd /Users/gtrufitt/www/check-mate
17 error Darwin 17.0.0
18 error argv "/Users/gtrufitt/.nvm/versions/node/v6.1.0/bin/node" "/usr/local/bin/npm" "run" "release"
19 error node v6.1.0
20 error npm  v3.9.6
21 error code ELIFECYCLE
22 error check-mate@0.0.0 release: `npm run build && npm version patch && npm publish`
22 error Exit status 1
23 error Failed at the check-mate@0.0.0 release script 'npm run build && npm version patch && npm publish'.
23 error Make sure you have the latest version of node.js and npm installed.
23 error If you do, this is most likely a problem with the check-mate package,
23 error not with npm itself.
23 error Tell the author that this fails on your system:
23 error     npm run build && npm version patch && npm publish
23 error You can get information on how to open an issue for this project with:
23 error     npm bugs check-mate
23 error Or if that isn't available, you can get their info via:
23 error     npm owner ls check-mate
23 error There is likely additional logging output above.
24 verbose exit [ 1, true ]
